# JRE version: OpenJDK Runtime Environment (8.0_76-b03) (build 1.8.0_76-release-b03)
# Java VM: OpenJDK 64-Bit Server VM (25.76-b03 mixed mode linux-amd64 compressed oops)
Heap:
 PSYoungGen      total 38912K, used 7662K [0x00000000ebf00000, 0x00000000eed00000, 0x0000000100000000)
  eden space 31232K, 0% used [0x00000000ebf00000,0x00000000ebf00000,0x00000000edd80000)
  from space 7680K, 99% used [0x00000000edd80000,0x00000000ee4fb820,0x00000000ee500000)
  to   space 7168K, 0% used [0x00000000ee500000,0x00000000ee500000,0x00000000eec00000)
 ParOldGen       total 42496K, used 11369K [0x00000000c3c00000, 0x00000000c6580000, 0x00000000ebf00000)
  object space 42496K, 26% used [0x00000000c3c00000,0x00000000c471a630,0x00000000c6580000)
 Metaspace       used 15165K, capacity 15551K, committed 15872K, reserved 1062912K
  class space    used 2688K, capacity 2731K, committed 2816K, reserved 1048576K
GC Heap History (10 events):
Event: 6.846 GC heap after
Heap after GC invocations=2 (full 0):
 PSYoungGen      total 18432K, used 2534K [0x00000000ebf00000, 0x00000000ed380000, 0x0000000100000000)
  eden space 15872K, 0% used [0x00000000ebf00000,0x00000000ebf00000,0x00000000ece80000)
  from space 2560K, 98% used [0x00000000ed100000,0x00000000ed379888,0x00000000ed380000)
  to   space 2560K, 0% used [0x00000000ece80000,0x00000000ece80000,0x00000000ed100000)
 ParOldGen       total 42496K, used 3262K [0x00000000c3c00000, 0x00000000c6580000, 0x00000000ebf00000)
  object space 42496K, 7% used [0x00000000c3c00000,0x00000000c3f2f9d0,0x00000000c6580000)
 Metaspace       used 9818K, capacity 10589K, committed 10752K, reserved 1058816K
  class space    used 1632K, capacity 1680K, committed 1792K, reserved 1048576K
}
Event: 7.262 GC heap before
{Heap before GC invocations=3 (full 0):
 PSYoungGen      total 18432K, used 18406K [0x00000000ebf00000, 0x00000000ed380000, 0x0000000100000000)
  eden space 15872K, 100% used [0x00000000ebf00000,0x00000000ece80000,0x00000000ece80000)
  from space 2560K, 98% used [0x00000000ed100000,0x00000000ed379888,0x00000000ed380000)
  to   space 2560K, 0% used [0x00000000ece80000,0x00000000ece80000,0x00000000ed100000)
 ParOldGen       total 42496K, used 3262K [0x00000000c3c00000, 0x00000000c6580000, 0x00000000ebf00000)
  object space 42496K, 7% used [0x00000000c3c00000,0x00000000c3f2f9d0,0x00000000c6580000)
 Metaspace       used 11172K, capacity 11933K, committed 12032K, reserved 1058816K
  class space    used 1962K, capacity 2000K, committed 2048K, reserved 1048576K
Event: 7.266 GC heap after
Heap after GC invocations=3 (full 0):
 PSYoungGen      total 18432K, used 2545K [0x00000000ebf00000, 0x00000000ed380000, 0x0000000100000000)
  eden space 15872K, 0% used [0x00000000ebf00000,0x00000000ebf00000,0x00000000ece80000)
  from space 2560K, 99% used [0x00000000ece80000,0x00000000ed0fc4e0,0x00000000ed100000)
  to   space 2560K, 0% used [0x00000000ed100000,0x00000000ed100000,0x00000000ed380000)
 ParOldGen       total 42496K, used 3849K [0x00000000c3c00000, 0x00000000c6580000, 0x00000000ebf00000)
  object space 42496K, 9% used [0x00000000c3c00000,0x00000000c3fc25f0,0x00000000c6580000)
 Metaspace       used 11172K, capacity 11933K, committed 12032K, reserved 1058816K
  class space    used 1962K, capacity 2000K, committed 2048K, reserved 1048576K
}
Event: 10.217 GC heap before
{Heap before GC invocations=4 (full 0):
 PSYoungGen      total 18432K, used 18417K [0x00000000ebf00000, 0x00000000ed380000, 0x0000000100000000)
  eden space 15872K, 100% used [0x00000000ebf00000,0x00000000ece80000,0x00000000ece80000)
  from space 2560K, 99% used [0x00000000ece80000,0x00000000ed0fc4e0,0x00000000ed100000)
  to   space 2560K, 0% used [0x00000000ed100000,0x00000000ed100000,0x00000000ed380000)
 ParOldGen       total 42496K, used 3849K [0x00000000c3c00000, 0x00000000c6580000, 0x00000000ebf00000)
  object space 42496K, 9% used [0x00000000c3c00000,0x00000000c3fc25f0,0x00000000c6580000)
 Metaspace       used 12957K, capacity 13425K, committed 13696K, reserved 1060864K
  class space    used 2348K, capacity 2398K, committed 2432K, reserved 1048576K
Event: 10.224 GC heap after
Heap after GC invocations=4 (full 0):
 PSYoungGen      total 18432K, used 2542K [0x00000000ebf00000, 0x00000000ed380000, 0x0000000100000000)
  eden space 15872K, 0% used [0x00000000ebf00000,0x00000000ebf00000,0x00000000ece80000)
  from space 2560K, 99% used [0x00000000ed100000,0x00000000ed37b9b8,0x00000000ed380000)
  to   space 2560K, 0% used [0x00000000ece80000,0x00000000ece80000,0x00000000ed100000)
 ParOldGen       total 42496K, used 7116K [0x00000000c3c00000, 0x00000000c6580000, 0x00000000ebf00000)
  object space 42496K, 16% used [0x00000000c3c00000,0x00000000c42f3070,0x00000000c6580000)
 Metaspace       used 12957K, capacity 13425K, committed 13696K, reserved 1060864K
  class space    used 2348K, capacity 2398K, committed 2432K, reserved 1048576K
}
Event: 10.283 GC heap before
{Heap before GC invocations=5 (full 0):
 PSYoungGen      total 18432K, used 18414K [0x00000000ebf00000, 0x00000000ed380000, 0x0000000100000000)
  eden space 15872K, 100% used [0x00000000ebf00000,0x00000000ece80000,0x00000000ece80000)
  from space 2560K, 99% used [0x00000000ed100000,0x00000000ed37b9b8,0x00000000ed380000)
  to   space 2560K, 0% used [0x00000000ece80000,0x00000000ece80000,0x00000000ed100000)
 ParOldGen       total 42496K, used 7116K [0x00000000c3c00000, 0x00000000c6580000, 0x00000000ebf00000)
  object space 42496K, 16% used [0x00000000c3c00000,0x00000000c42f3070,0x00000000c6580000)
 Metaspace       used 13062K, capacity 13491K, committed 13696K, reserved 1060864K
  class space    used 2359K, capacity 2409K, committed 2432K, reserved 1048576K
Event: 10.289 GC heap after
Heap after GC invocations=5 (full 0):
 PSYoungGen      total 18432K, used 2554K [0x00000000ebf00000, 0x00000000eec00000, 0x0000000100000000)
  eden space 15872K, 0% used [0x00000000ebf00000,0x00000000ebf00000,0x00000000ece80000)
  from space 2560K, 99% used [0x00000000ece80000,0x00000000ed0fe9a8,0x00000000ed100000)
  to   space 7168K, 0% used [0x00000000ee500000,0x00000000ee500000,0x00000000eec00000)
 ParOldGen       total 42496K, used 10539K [0x00000000c3c00000, 0x00000000c6580000, 0x00000000ebf00000)
  object space 42496K, 24% used [0x00000000c3c00000,0x00000000c464ad50,0x00000000c6580000)
 Metaspace       used 13062K, capacity 13491K, committed 13696K, reserved 1060864K
  class space    used 2359K, capacity 2409K, committed 2432K, reserved 1048576K
}
Event: 12.977 GC heap before
{Heap before GC invocations=6 (full 0):
 PSYoungGen      total 18432K, used 18381K [0x00000000ebf00000, 0x00000000eec00000, 0x0000000100000000)
  eden space 15872K, 99% used [0x00000000ebf00000,0x00000000ece74a78,0x00000000ece80000)
  from space 2560K, 99% used [0x00000000ece80000,0x00000000ed0fe9a8,0x00000000ed100000)
  to   space 7168K, 0% used [0x00000000ee500000,0x00000000ee500000,0x00000000eec00000)
 ParOldGen       total 42496K, used 10539K [0x00000000c3c00000, 0x00000000c6580000, 0x00000000ebf00000)
  object space 42496K, 24% used [0x00000000c3c00000,0x00000000c464ad50,0x00000000c6580000)
 Metaspace       used 14348K, capacity 14745K, committed 14976K, reserved 1060864K
  class space    used 2594K, capacity 2634K, committed 2688K, reserved 1048576K
Event: 13.086 GC heap after
Heap after GC invocations=6 (full 0):
 PSYoungGen      total 38400K, used 6041K [0x00000000ebf00000, 0x00000000eed00000, 0x0000000100000000)
  eden space 31232K, 0% used [0x00000000ebf00000,0x00000000ebf00000,0x00000000edd80000)
  from space 7168K, 84% used [0x00000000ee500000,0x00000000eeae6640,0x00000000eec00000)
  to   space 7680K, 0% used [0x00000000edd80000,0x00000000edd80000,0x00000000ee500000)
 ParOldGen       total 42496K, used 10547K [0x00000000c3c00000, 0x00000000c6580000, 0x00000000ebf00000)
  object space 42496K, 24% used [0x00000000c3c00000,0x00000000c464cd50,0x00000000c6580000)
 Metaspace       used 14348K, capacity 14745K, committed 14976K, reserved 1060864K
  class space    used 2594K, capacity 2634K, committed 2688K, reserved 1048576K
}
Event: 24.424 GC heap before
{Heap before GC invocations=7 (full 0):
 PSYoungGen      total 38400K, used 37273K [0x00000000ebf00000, 0x00000000eed00000, 0x0000000100000000)
  eden space 31232K, 100% used [0x00000000ebf00000,0x00000000edd80000,0x00000000edd80000)
  from space 7168K, 84% used [0x00000000ee500000,0x00000000eeae6640,0x00000000eec00000)
  to   space 7680K, 0% used [0x00000000edd80000,0x00000000edd80000,0x00000000ee500000)
 ParOldGen       total 42496K, used 10547K [0x00000000c3c00000, 0x00000000c6580000, 0x00000000ebf00000)
  object space 42496K, 24% used [0x00000000c3c00000,0x00000000c464cd50,0x00000000c6580000)
 Metaspace       used 15165K, capacity 15551K, committed 15872K, reserved 1062912K
  class space    used 2688K, capacity 2731K, committed 2816K, reserved 1048576K

