# JRE version: OpenJDK Runtime Environment (8.0_76-b03) (build 1.8.0_76-release-b03)
# Java VM: OpenJDK 64-Bit Server VM (25.76-b03 mixed mode linux-amd64 compressed oops)
Heap:
 PSYoungGen      total 72704K, used 11769K [0x00000000ebf00000, 0x00000000f1400000, 0x0000000100000000)
  eden space 60928K, 0% used [0x00000000ebf00000,0x00000000ebf00000,0x00000000efa80000)
  from space 11776K, 99% used [0x00000000efa80000,0x00000000f05fe408,0x00000000f0600000)
  to   space 9216K, 0% used [0x00000000f0600000,0x00000000f0600000,0x00000000f0f00000)
 ParOldGen       total 42496K, used 19266K [0x00000000c3c00000, 0x00000000c6580000, 0x00000000ebf00000)
  object space 42496K, 45% used [0x00000000c3c00000,0x00000000c4ed0870,0x00000000c6580000)
 Metaspace       used 17280K, capacity 17494K, committed 17792K, reserved 1064960K
  class space    used 3127K, capacity 3179K, committed 3200K, reserved 1048576K
GC Heap History (10 events):
Event: 8.370 GC heap after
Heap after GC invocations=2 (full 0):
 PSYoungGen      total 18432K, used 2558K [0x00000000ebf00000, 0x00000000ed380000, 0x0000000100000000)
  eden space 15872K, 0% used [0x00000000ebf00000,0x00000000ebf00000,0x00000000ece80000)
  from space 2560K, 99% used [0x00000000ed100000,0x00000000ed37f8a8,0x00000000ed380000)
  to   space 2560K, 0% used [0x00000000ece80000,0x00000000ece80000,0x00000000ed100000)
 ParOldGen       total 42496K, used 3227K [0x00000000c3c00000, 0x00000000c6580000, 0x00000000ebf00000)
  object space 42496K, 7% used [0x00000000c3c00000,0x00000000c3f26d58,0x00000000c6580000)
 Metaspace       used 9610K, capacity 10269K, committed 10624K, reserved 1058816K
  class space    used 1521K, capacity 1552K, committed 1664K, reserved 1048576K
}
Event: 8.623 GC heap before
{Heap before GC invocations=3 (full 0):
 PSYoungGen      total 18432K, used 18430K [0x00000000ebf00000, 0x00000000ed380000, 0x0000000100000000)
  eden space 15872K, 100% used [0x00000000ebf00000,0x00000000ece80000,0x00000000ece80000)
  from space 2560K, 99% used [0x00000000ed100000,0x00000000ed37f8a8,0x00000000ed380000)
  to   space 2560K, 0% used [0x00000000ece80000,0x00000000ece80000,0x00000000ed100000)
 ParOldGen       total 42496K, used 3227K [0x00000000c3c00000, 0x00000000c6580000, 0x00000000ebf00000)
  object space 42496K, 7% used [0x00000000c3c00000,0x00000000c3f26d58,0x00000000c6580000)
 Metaspace       used 10650K, capacity 11293K, committed 11648K, reserved 1058816K
  class space    used 1788K, capacity 1808K, committed 1920K, reserved 1048576K
Event: 8.638 GC heap after
Heap after GC invocations=3 (full 0):
 PSYoungGen      total 18432K, used 2538K [0x00000000ebf00000, 0x00000000ee300000, 0x0000000100000000)
  eden space 15872K, 0% used [0x00000000ebf00000,0x00000000ebf00000,0x00000000ece80000)
  from space 2560K, 99% used [0x00000000ece80000,0x00000000ed0fa980,0x00000000ed100000)
  to   space 2560K, 0% used [0x00000000ee080000,0x00000000ee080000,0x00000000ee300000)
 ParOldGen       total 42496K, used 4257K [0x00000000c3c00000, 0x00000000c6580000, 0x00000000ebf00000)
  object space 42496K, 10% used [0x00000000c3c00000,0x00000000c4028768,0x00000000c6580000)
 Metaspace       used 10650K, capacity 11293K, committed 11648K, reserved 1058816K
  class space    used 1788K, capacity 1808K, committed 1920K, reserved 1048576K
}
Event: 9.240 GC heap before
{Heap before GC invocations=4 (full 0):
 PSYoungGen      total 18432K, used 18410K [0x00000000ebf00000, 0x00000000ee300000, 0x0000000100000000)
  eden space 15872K, 100% used [0x00000000ebf00000,0x00000000ece80000,0x00000000ece80000)
  from space 2560K, 99% used [0x00000000ece80000,0x00000000ed0fa980,0x00000000ed100000)
  to   space 2560K, 0% used [0x00000000ee080000,0x00000000ee080000,0x00000000ee300000)
 ParOldGen       total 42496K, used 4257K [0x00000000c3c00000, 0x00000000c6580000, 0x00000000ebf00000)
  object space 42496K, 10% used [0x00000000c3c00000,0x00000000c4028768,0x00000000c6580000)
 Metaspace       used 12976K, capacity 13597K, committed 13824K, reserved 1060864K
  class space    used 2433K, capacity 2448K, committed 2560K, reserved 1048576K
Event: 9.246 GC heap after
Heap after GC invocations=4 (full 0):
 PSYoungGen      total 34304K, used 2532K [0x00000000ebf00000, 0x00000000ee300000, 0x0000000100000000)
  eden space 31744K, 0% used [0x00000000ebf00000,0x00000000ebf00000,0x00000000ede00000)
  from space 2560K, 98% used [0x00000000ee080000,0x00000000ee2f9040,0x00000000ee300000)
  to   space 2560K, 0% used [0x00000000ede00000,0x00000000ede00000,0x00000000ee080000)
 ParOldGen       total 42496K, used 6831K [0x00000000c3c00000, 0x00000000c6580000, 0x00000000ebf00000)
  object space 42496K, 16% used [0x00000000c3c00000,0x00000000c42abd20,0x00000000c6580000)
 Metaspace       used 12976K, capacity 13597K, committed 13824K, reserved 1060864K
  class space    used 2433K, capacity 2448K, committed 2560K, reserved 1048576K
}
Event: 10.834 GC heap before
{Heap before GC invocations=5 (full 0):
 PSYoungGen      total 34304K, used 34276K [0x00000000ebf00000, 0x00000000ee300000, 0x0000000100000000)
  eden space 31744K, 100% used [0x00000000ebf00000,0x00000000ede00000,0x00000000ede00000)
  from space 2560K, 98% used [0x00000000ee080000,0x00000000ee2f9040,0x00000000ee300000)
  to   space 2560K, 0% used [0x00000000ede00000,0x00000000ede00000,0x00000000ee080000)
 ParOldGen       total 42496K, used 6831K [0x00000000c3c00000, 0x00000000c6580000, 0x00000000ebf00000)
  object space 42496K, 16% used [0x00000000c3c00000,0x00000000c42abd20,0x00000000c6580000)
 Metaspace       used 14692K, capacity 15001K, committed 15232K, reserved 1060864K
  class space    used 2763K, capacity 2826K, committed 2944K, reserved 1048576K
Event: 10.847 GC heap after
Heap after GC invocations=5 (full 0):
 PSYoungGen      total 34304K, used 2528K [0x00000000ebf00000, 0x00000000f0f00000, 0x0000000100000000)
  eden space 31744K, 0% used [0x00000000ebf00000,0x00000000ebf00000,0x00000000ede00000)
  from space 2560K, 98% used [0x00000000ede00000,0x00000000ee078020,0x00000000ee080000)
  to   space 9216K, 0% used [0x00000000f0600000,0x00000000f0600000,0x00000000f0f00000)
 ParOldGen       total 42496K, used 13930K [0x00000000c3c00000, 0x00000000c6580000, 0x00000000ebf00000)
  object space 42496K, 32% used [0x00000000c3c00000,0x00000000c499a9f8,0x00000000c6580000)
 Metaspace       used 14692K, capacity 15001K, committed 15232K, reserved 1060864K
  class space    used 2763K, capacity 2826K, committed 2944K, reserved 1048576K
}
Event: 11.153 GC heap before
{Heap before GC invocations=6 (full 0):
 PSYoungGen      total 34304K, used 34272K [0x00000000ebf00000, 0x00000000f0f00000, 0x0000000100000000)
  eden space 31744K, 100% used [0x00000000ebf00000,0x00000000ede00000,0x00000000ede00000)
  from space 2560K, 98% used [0x00000000ede00000,0x00000000ee078020,0x00000000ee080000)
  to   space 9216K, 0% used [0x00000000f0600000,0x00000000f0600000,0x00000000f0f00000)
 ParOldGen       total 42496K, used 13930K [0x00000000c3c00000, 0x00000000c6580000, 0x00000000ebf00000)
  object space 42496K, 32% used [0x00000000c3c00000,0x00000000c499a9f8,0x00000000c6580000)
 Metaspace       used 15143K, capacity 15414K, committed 15744K, reserved 1062912K
  class space    used 2783K, capacity 2827K, committed 2944K, reserved 1048576K
Event: 11.180 GC heap after
Heap after GC invocations=6 (full 0):
 PSYoungGen      total 70144K, used 9194K [0x00000000ebf00000, 0x00000000f1400000, 0x0000000100000000)
  eden space 60928K, 0% used [0x00000000ebf00000,0x00000000ebf00000,0x00000000efa80000)
  from space 9216K, 99% used [0x00000000f0600000,0x00000000f0efaac8,0x00000000f0f00000)
  to   space 11776K, 0% used [0x00000000efa80000,0x00000000efa80000,0x00000000f0600000)
 ParOldGen       total 42496K, used 15063K [0x00000000c3c00000, 0x00000000c6580000, 0x00000000ebf00000)
  object space 42496K, 35% used [0x00000000c3c00000,0x00000000c4ab5dd0,0x00000000c6580000)
 Metaspace       used 15143K, capacity 15414K, committed 15744K, reserved 1062912K
  class space    used 2783K, capacity 2827K, committed 2944K, reserved 1048576K
}
Event: 20.226 GC heap before
{Heap before GC invocations=7 (full 0):
 PSYoungGen      total 70144K, used 70122K [0x00000000ebf00000, 0x00000000f1400000, 0x0000000100000000)
  eden space 60928K, 100% used [0x00000000ebf00000,0x00000000efa80000,0x00000000efa80000)
  from space 9216K, 99% used [0x00000000f0600000,0x00000000f0efaac8,0x00000000f0f00000)
  to   space 11776K, 0% used [0x00000000efa80000,0x00000000efa80000,0x00000000f0600000)
 ParOldGen       total 42496K, used 15063K [0x00000000c3c00000, 0x00000000c6580000, 0x00000000ebf00000)
  object space 42496K, 35% used [0x00000000c3c00000,0x00000000c4ab5dd0,0x00000000c6580000)
 Metaspace       used 17280K, capacity 17494K, committed 17792K, reserved 1064960K
  class space    used 3127K, capacity 3179K, committed 3200K, reserved 1048576K

