# JRE version: OpenJDK Runtime Environment (8.0_76-b03) (build 1.8.0_76-release-b03)
# Java VM: OpenJDK 64-Bit Server VM (25.76-b03 mixed mode linux-amd64 compressed oops)
Heap:
 PSYoungGen      total 138752K, used 11334K [0x00000000ebf00000, 0x00000000f5c00000, 0x0000000100000000)
  eden space 119808K, 0% used [0x00000000ebf00000,0x00000000ebf00000,0x00000000f3400000)
  from space 18944K, 59% used [0x00000000f3400000,0x00000000f3f11908,0x00000000f4680000)
  to   space 15872K, 0% used [0x00000000f4680000,0x00000000f4680000,0x00000000f5600000)
 ParOldGen       total 42496K, used 25902K [0x00000000c3c00000, 0x00000000c6580000, 0x00000000ebf00000)
  object space 42496K, 60% used [0x00000000c3c00000,0x00000000c554ba58,0x00000000c6580000)
 Metaspace       used 20877K, capacity 21116K, committed 21296K, reserved 1067008K
  class space    used 3860K, capacity 3916K, committed 3968K, reserved 1048576K
GC Heap History (10 events):
Event: 1.795 GC heap after
Heap after GC invocations=4 (full 0):
 PSYoungGen      total 34304K, used 2558K [0x00000000ebf00000, 0x00000000ee300000, 0x0000000100000000)
  eden space 31744K, 0% used [0x00000000ebf00000,0x00000000ebf00000,0x00000000ede00000)
  from space 2560K, 99% used [0x00000000ee080000,0x00000000ee2ff990,0x00000000ee300000)
  to   space 2560K, 0% used [0x00000000ede00000,0x00000000ede00000,0x00000000ee080000)
 ParOldGen       total 42496K, used 6867K [0x00000000c3c00000, 0x00000000c6580000, 0x00000000ebf00000)
  object space 42496K, 16% used [0x00000000c3c00000,0x00000000c42b4ce8,0x00000000c6580000)
 Metaspace       used 13743K, capacity 14397K, committed 14464K, reserved 1060864K
  class space    used 2633K, capacity 2672K, committed 2688K, reserved 1048576K
}
Event: 2.279 GC heap before
{Heap before GC invocations=5 (full 0):
 PSYoungGen      total 34304K, used 34302K [0x00000000ebf00000, 0x00000000ee300000, 0x0000000100000000)
  eden space 31744K, 100% used [0x00000000ebf00000,0x00000000ede00000,0x00000000ede00000)
  from space 2560K, 99% used [0x00000000ee080000,0x00000000ee2ff990,0x00000000ee300000)
  to   space 2560K, 0% used [0x00000000ede00000,0x00000000ede00000,0x00000000ee080000)
 ParOldGen       total 42496K, used 6867K [0x00000000c3c00000, 0x00000000c6580000, 0x00000000ebf00000)
  object space 42496K, 16% used [0x00000000c3c00000,0x00000000c42b4ce8,0x00000000c6580000)
 Metaspace       used 14578K, capacity 14911K, committed 15104K, reserved 1060864K
  class space    used 2728K, capacity 2795K, committed 2816K, reserved 1048576K
Event: 2.302 GC heap after
Heap after GC invocations=5 (full 0):
 PSYoungGen      total 34304K, used 2548K [0x00000000ebf00000, 0x00000000f1000000, 0x0000000100000000)
  eden space 31744K, 0% used [0x00000000ebf00000,0x00000000ebf00000,0x00000000ede00000)
  from space 2560K, 99% used [0x00000000ede00000,0x00000000ee07d030,0x00000000ee080000)
  to   space 9728K, 0% used [0x00000000f0680000,0x00000000f0680000,0x00000000f1000000)
 ParOldGen       total 42496K, used 14179K [0x00000000c3c00000, 0x00000000c6580000, 0x00000000ebf00000)
  object space 42496K, 33% used [0x00000000c3c00000,0x00000000c49d8d90,0x00000000c6580000)
 Metaspace       used 14578K, capacity 14911K, committed 15104K, reserved 1060864K
  class space    used 2728K, capacity 2795K, committed 2816K, reserved 1048576K
}
Event: 3.702 GC heap before
{Heap before GC invocations=6 (full 0):
 PSYoungGen      total 34304K, used 34292K [0x00000000ebf00000, 0x00000000f1000000, 0x0000000100000000)
  eden space 31744K, 100% used [0x00000000ebf00000,0x00000000ede00000,0x00000000ede00000)
  from space 2560K, 99% used [0x00000000ede00000,0x00000000ee07d030,0x00000000ee080000)
  to   space 9728K, 0% used [0x00000000f0680000,0x00000000f0680000,0x00000000f1000000)
 ParOldGen       total 42496K, used 14179K [0x00000000c3c00000, 0x00000000c6580000, 0x00000000ebf00000)
  object space 42496K, 33% used [0x00000000c3c00000,0x00000000c49d8d90,0x00000000c6580000)
 Metaspace       used 15541K, capacity 15804K, committed 16000K, reserved 1062912K
  class space    used 2845K, capacity 2892K, committed 2944K, reserved 1048576K
Event: 3.737 GC heap after
Heap after GC invocations=6 (full 0):
 PSYoungGen      total 71168K, used 9704K [0x00000000ebf00000, 0x00000000f1400000, 0x0000000100000000)
  eden space 61440K, 0% used [0x00000000ebf00000,0x00000000ebf00000,0x00000000efb00000)
  from space 9728K, 99% used [0x00000000f0680000,0x00000000f0ffa0a0,0x00000000f1000000)
  to   space 11776K, 0% used [0x00000000efb00000,0x00000000efb00000,0x00000000f0680000)
 ParOldGen       total 42496K, used 14490K [0x00000000c3c00000, 0x00000000c6580000, 0x00000000ebf00000)
  object space 42496K, 34% used [0x00000000c3c00000,0x00000000c4a26920,0x00000000c6580000)
 Metaspace       used 15541K, capacity 15804K, committed 16000K, reserved 1062912K
  class space    used 2845K, capacity 2892K, committed 2944K, reserved 1048576K
}
Event: 6.382 GC heap before
{Heap before GC invocations=7 (full 0):
 PSYoungGen      total 71168K, used 71144K [0x00000000ebf00000, 0x00000000f1400000, 0x0000000100000000)
  eden space 61440K, 100% used [0x00000000ebf00000,0x00000000efb00000,0x00000000efb00000)
  from space 9728K, 99% used [0x00000000f0680000,0x00000000f0ffa0a0,0x00000000f1000000)
  to   space 11776K, 0% used [0x00000000efb00000,0x00000000efb00000,0x00000000f0680000)
 ParOldGen       total 42496K, used 14490K [0x00000000c3c00000, 0x00000000c6580000, 0x00000000ebf00000)
  object space 42496K, 34% used [0x00000000c3c00000,0x00000000c4a26920,0x00000000c6580000)
 Metaspace       used 17083K, capacity 17340K, committed 17536K, reserved 1062912K
  class space    used 3092K, capacity 3148K, committed 3200K, reserved 1048576K
Event: 6.405 GC heap after
Heap after GC invocations=7 (full 0):
 PSYoungGen      total 73216K, used 11744K [0x00000000ebf00000, 0x00000000f5600000, 0x0000000100000000)
  eden space 61440K, 0% used [0x00000000ebf00000,0x00000000ebf00000,0x00000000efb00000)
  from space 11776K, 99% used [0x00000000efb00000,0x00000000f0678020,0x00000000f0680000)
  to   space 15872K, 0% used [0x00000000f4680000,0x00000000f4680000,0x00000000f5600000)
 ParOldGen       total 42496K, used 18398K [0x00000000c3c00000, 0x00000000c6580000, 0x00000000ebf00000)
  object space 42496K, 43% used [0x00000000c3c00000,0x00000000c4df7a88,0x00000000c6580000)
 Metaspace       used 17083K, capacity 17340K, committed 17536K, reserved 1062912K
  class space    used 3092K, capacity 3148K, committed 3200K, reserved 1048576K
}
Event: 10.465 GC heap before
{Heap before GC invocations=8 (full 0):
 PSYoungGen      total 73216K, used 73184K [0x00000000ebf00000, 0x00000000f5600000, 0x0000000100000000)
  eden space 61440K, 100% used [0x00000000ebf00000,0x00000000efb00000,0x00000000efb00000)
  from space 11776K, 99% used [0x00000000efb00000,0x00000000f0678020,0x00000000f0680000)
  to   space 15872K, 0% used [0x00000000f4680000,0x00000000f4680000,0x00000000f5600000)
 ParOldGen       total 42496K, used 18398K [0x00000000c3c00000, 0x00000000c6580000, 0x00000000ebf00000)
  object space 42496K, 43% used [0x00000000c3c00000,0x00000000c4df7a88,0x00000000c6580000)
 Metaspace       used 18568K, capacity 18844K, committed 19072K, reserved 1064960K
  class space    used 3379K, capacity 3436K, committed 3456K, reserved 1048576K
Event: 10.490 GC heap after
Heap after GC invocations=8 (full 0):
 PSYoungGen      total 135680K, used 15841K [0x00000000ebf00000, 0x00000000f5c00000, 0x0000000100000000)
  eden space 119808K, 0% used [0x00000000ebf00000,0x00000000ebf00000,0x00000000f3400000)
  from space 15872K, 99% used [0x00000000f4680000,0x00000000f55f8548,0x00000000f5600000)
  to   space 18944K, 0% used [0x00000000f3400000,0x00000000f3400000,0x00000000f4680000)
 ParOldGen       total 42496K, used 19370K [0x00000000c3c00000, 0x00000000c6580000, 0x00000000ebf00000)
  object space 42496K, 45% used [0x00000000c3c00000,0x00000000c4eeab70,0x00000000c6580000)
 Metaspace       used 18568K, capacity 18844K, committed 19072K, reserved 1064960K
  class space    used 3379K, capacity 3436K, committed 3456K, reserved 1048576K
}
Event: 12.701 GC heap before
{Heap before GC invocations=9 (full 0):
 PSYoungGen      total 135680K, used 42336K [0x00000000ebf00000, 0x00000000f5c00000, 0x0000000100000000)
  eden space 119808K, 22% used [0x00000000ebf00000,0x00000000ed8dfdf8,0x00000000f3400000)
  from space 15872K, 99% used [0x00000000f4680000,0x00000000f55f8548,0x00000000f5600000)
  to   space 18944K, 0% used [0x00000000f3400000,0x00000000f3400000,0x00000000f4680000)
 ParOldGen       total 42496K, used 19370K [0x00000000c3c00000, 0x00000000c6580000, 0x00000000ebf00000)
  object space 42496K, 45% used [0x00000000c3c00000,0x00000000c4eeab70,0x00000000c6580000)
 Metaspace       used 20877K, capacity 21116K, committed 21296K, reserved 1067008K
  class space    used 3860K, capacity 3916K, committed 3968K, reserved 1048576K

