# JRE version: OpenJDK Runtime Environment (8.0_76-b03) (build 1.8.0_76-release-b03)
# Java VM: OpenJDK 64-Bit Server VM (25.76-b03 mixed mode linux-amd64 compressed oops)
Heap:
 PSYoungGen      total 182784K, used 6532K [0x00000000ebf00000, 0x00000000f9b00000, 0x0000000100000000)
  eden space 163328K, 0% used [0x00000000ebf00000,0x00000000ebf00000,0x00000000f5e80000)
  from space 19456K, 33% used [0x00000000f7500000,0x00000000f7b61110,0x00000000f8800000)
  to   space 14848K, 0% used [0x00000000f8c80000,0x00000000f8c80000,0x00000000f9b00000)
 ParOldGen       total 57344K, used 30013K [0x00000000c3c00000, 0x00000000c7400000, 0x00000000ebf00000)
  object space 57344K, 52% used [0x00000000c3c00000,0x00000000c594f7a8,0x00000000c7400000)
 Metaspace       used 35211K, capacity 35294K, committed 35456K, reserved 1077248K
  class space    used 6711K, capacity 6751K, committed 6784K, reserved 1048576K
GC Heap History (10 events):
Event: 11.920 GC heap after
Heap after GC invocations=7 (full 0):
 PSYoungGen      total 73216K, used 11744K [0x00000000ebf00000, 0x00000000f5500000, 0x0000000100000000)
  eden space 61440K, 0% used [0x00000000ebf00000,0x00000000ebf00000,0x00000000efb00000)
  from space 11776K, 99% used [0x00000000efb00000,0x00000000f0678020,0x00000000f0680000)
  to   space 15360K, 0% used [0x00000000f4600000,0x00000000f4600000,0x00000000f5500000)
 ParOldGen       total 42496K, used 18148K [0x00000000c3c00000, 0x00000000c6580000, 0x00000000ebf00000)
  object space 42496K, 42% used [0x00000000c3c00000,0x00000000c4db91b8,0x00000000c6580000)
 Metaspace       used 17127K, capacity 17380K, committed 17536K, reserved 1062912K
  class space    used 3101K, capacity 3144K, committed 3200K, reserved 1048576K
}
Event: 13.922 GC heap before
{Heap before GC invocations=8 (full 0):
 PSYoungGen      total 73216K, used 73184K [0x00000000ebf00000, 0x00000000f5500000, 0x0000000100000000)
  eden space 61440K, 100% used [0x00000000ebf00000,0x00000000efb00000,0x00000000efb00000)
  from space 11776K, 99% used [0x00000000efb00000,0x00000000f0678020,0x00000000f0680000)
  to   space 15360K, 0% used [0x00000000f4600000,0x00000000f4600000,0x00000000f5500000)
 ParOldGen       total 42496K, used 18148K [0x00000000c3c00000, 0x00000000c6580000, 0x00000000ebf00000)
  object space 42496K, 42% used [0x00000000c3c00000,0x00000000c4db91b8,0x00000000c6580000)
 Metaspace       used 18624K, capacity 18884K, committed 19072K, reserved 1064960K
  class space    used 3390K, capacity 3432K, committed 3456K, reserved 1048576K
Event: 13.949 GC heap after
Heap after GC invocations=8 (full 0):
 PSYoungGen      total 135168K, used 15342K [0x00000000ebf00000, 0x00000000f5b00000, 0x0000000100000000)
  eden space 119808K, 0% used [0x00000000ebf00000,0x00000000ebf00000,0x00000000f3400000)
  from space 15360K, 99% used [0x00000000f4600000,0x00000000f54fba50,0x00000000f5500000)
  to   space 18432K, 0% used [0x00000000f3400000,0x00000000f3400000,0x00000000f4600000)
 ParOldGen       total 42496K, used 18960K [0x00000000c3c00000, 0x00000000c6580000, 0x00000000ebf00000)
  object space 42496K, 44% used [0x00000000c3c00000,0x00000000c4e841e8,0x00000000c6580000)
 Metaspace       used 18624K, capacity 18884K, committed 19072K, reserved 1064960K
  class space    used 3390K, capacity 3432K, committed 3456K, reserved 1048576K
}
Event: 16.534 GC heap before
{Heap before GC invocations=9 (full 0):
 PSYoungGen      total 135168K, used 39923K [0x00000000ebf00000, 0x00000000f5b00000, 0x0000000100000000)
  eden space 119808K, 20% used [0x00000000ebf00000,0x00000000ed701280,0x00000000f3400000)
  from space 15360K, 99% used [0x00000000f4600000,0x00000000f54fba50,0x00000000f5500000)
  to   space 18432K, 0% used [0x00000000f3400000,0x00000000f3400000,0x00000000f4600000)
 ParOldGen       total 42496K, used 18960K [0x00000000c3c00000, 0x00000000c6580000, 0x00000000ebf00000)
  object space 42496K, 44% used [0x00000000c3c00000,0x00000000c4e841e8,0x00000000c6580000)
 Metaspace       used 20886K, capacity 21092K, committed 21296K, reserved 1067008K
  class space    used 3863K, capacity 3912K, committed 3968K, reserved 1048576K
Event: 16.556 GC heap after
Heap after GC invocations=9 (full 0):
 PSYoungGen      total 138240K, used 10767K [0x00000000ebf00000, 0x00000000f9e80000, 0x0000000100000000)
  eden space 119808K, 0% used [0x00000000ebf00000,0x00000000ebf00000,0x00000000f3400000)
  from space 18432K, 58% used [0x00000000f3400000,0x00000000f3e83c98,0x00000000f4600000)
  to   space 18432K, 0% used [0x00000000f8c80000,0x00000000f8c80000,0x00000000f9e80000)
 ParOldGen       total 42496K, used 25332K [0x00000000c3c00000, 0x00000000c6580000, 0x00000000ebf00000)
  object space 42496K, 59% used [0x00000000c3c00000,0x00000000c54bd2a8,0x00000000c6580000)
 Metaspace       used 20886K, capacity 21092K, committed 21296K, reserved 1067008K
  class space    used 3863K, capacity 3912K, committed 3968K, reserved 1048576K
}
Event: 16.556 GC heap before
{Heap before GC invocations=10 (full 1):
 PSYoungGen      total 138240K, used 10767K [0x00000000ebf00000, 0x00000000f9e80000, 0x0000000100000000)
  eden space 119808K, 0% used [0x00000000ebf00000,0x00000000ebf00000,0x00000000f3400000)
  from space 18432K, 58% used [0x00000000f3400000,0x00000000f3e83c98,0x00000000f4600000)
  to   space 18432K, 0% used [0x00000000f8c80000,0x00000000f8c80000,0x00000000f9e80000)
 ParOldGen       total 42496K, used 25332K [0x00000000c3c00000, 0x00000000c6580000, 0x00000000ebf00000)
  object space 42496K, 59% used [0x00000000c3c00000,0x00000000c54bd2a8,0x00000000c6580000)
 Metaspace       used 20886K, capacity 21092K, committed 21296K, reserved 1067008K
  class space    used 3863K, capacity 3912K, committed 3968K, reserved 1048576K
Event: 16.705 GC heap after
Heap after GC invocations=10 (full 1):
 PSYoungGen      total 138240K, used 0K [0x00000000ebf00000, 0x00000000f9e80000, 0x0000000100000000)
  eden space 119808K, 0% used [0x00000000ebf00000,0x00000000ebf00000,0x00000000f3400000)
  from space 18432K, 0% used [0x00000000f3400000,0x00000000f3400000,0x00000000f4600000)
  to   space 18432K, 0% used [0x00000000f8c80000,0x00000000f8c80000,0x00000000f9e80000)
 ParOldGen       total 57344K, used 27395K [0x00000000c3c00000, 0x00000000c7400000, 0x00000000ebf00000)
  object space 57344K, 47% used [0x00000000c3c00000,0x00000000c56c0eb8,0x00000000c7400000)
 Metaspace       used 20852K, capacity 21038K, committed 21296K, reserved 1067008K
  class space    used 3859K, capacity 3903K, committed 3968K, reserved 1048576K
}
Event: 22.499 GC heap before
{Heap before GC invocations=11 (full 1):
 PSYoungGen      total 138240K, used 119808K [0x00000000ebf00000, 0x00000000f9e80000, 0x0000000100000000)
  eden space 119808K, 100% used [0x00000000ebf00000,0x00000000f3400000,0x00000000f3400000)
  from space 18432K, 0% used [0x00000000f3400000,0x00000000f3400000,0x00000000f4600000)
  to   space 18432K, 0% used [0x00000000f8c80000,0x00000000f8c80000,0x00000000f9e80000)
 ParOldGen       total 57344K, used 27395K [0x00000000c3c00000, 0x00000000c7400000, 0x00000000ebf00000)
  object space 57344K, 47% used [0x00000000c3c00000,0x00000000c56c0eb8,0x00000000c7400000)
 Metaspace       used 32980K, capacity 33150K, committed 33408K, reserved 1077248K
  class space    used 6329K, capacity 6399K, committed 6528K, reserved 1048576K
Event: 22.525 GC heap after
Heap after GC invocations=11 (full 1):
 PSYoungGen      total 178176K, used 14729K [0x00000000ebf00000, 0x00000000f9b00000, 0x0000000100000000)
  eden space 163328K, 0% used [0x00000000ebf00000,0x00000000ebf00000,0x00000000f5e80000)
  from space 14848K, 99% used [0x00000000f8c80000,0x00000000f9ae25e0,0x00000000f9b00000)
  to   space 19456K, 0% used [0x00000000f7500000,0x00000000f7500000,0x00000000f8800000)
 ParOldGen       total 57344K, used 27403K [0x00000000c3c00000, 0x00000000c7400000, 0x00000000ebf00000)
  object space 57344K, 47% used [0x00000000c3c00000,0x00000000c56c2eb8,0x00000000c7400000)
 Metaspace       used 32980K, capacity 33150K, committed 33408K, reserved 1077248K
  class space    used 6329K, capacity 6399K, committed 6528K, reserved 1048576K
}
Event: 32.376 GC heap before
{Heap before GC invocations=12 (full 1):
 PSYoungGen      total 178176K, used 151902K [0x00000000ebf00000, 0x00000000f9b00000, 0x0000000100000000)
  eden space 163328K, 83% used [0x00000000ebf00000,0x00000000f44f54d0,0x00000000f5e80000)
  from space 14848K, 99% used [0x00000000f8c80000,0x00000000f9ae25e0,0x00000000f9b00000)
  to   space 19456K, 0% used [0x00000000f7500000,0x00000000f7500000,0x00000000f8800000)
 ParOldGen       total 57344K, used 27403K [0x00000000c3c00000, 0x00000000c7400000, 0x00000000ebf00000)
  object space 57344K, 47% used [0x00000000c3c00000,0x00000000c56c2eb8,0x00000000c7400000)
 Metaspace       used 35211K, capacity 35294K, committed 35456K, reserved 1077248K
  class space    used 6711K, capacity 6751K, committed 6784K, reserved 1048576K

