# JRE version: OpenJDK Runtime Environment (8.0_76-b03) (build 1.8.0_76-release-b03)
# Java VM: OpenJDK 64-Bit Server VM (25.76-b03 mixed mode linux-amd64 compressed oops)
Heap:
 PSYoungGen      total 118784K, used 8565K [0x00000000ebf00000, 0x00000000f4880000, 0x0000000100000000)
  eden space 105472K, 0% used [0x00000000ebf00000,0x00000000ebf00000,0x00000000f2600000)
  from space 13312K, 64% used [0x00000000f2e80000,0x00000000f36dd430,0x00000000f3b80000)
  to   space 9728K, 0% used [0x00000000f3f00000,0x00000000f3f00000,0x00000000f4880000)
 ParOldGen       total 51200K, used 26878K [0x00000000c3c00000, 0x00000000c6e00000, 0x00000000ebf00000)
  object space 51200K, 52% used [0x00000000c3c00000,0x00000000c563f860,0x00000000c6e00000)
 Metaspace       used 32957K, capacity 33118K, committed 33280K, reserved 1077248K
  class space    used 6331K, capacity 6367K, committed 6400K, reserved 1048576K
GC Heap History (10 events):
Event: 12.522 GC heap after
Heap after GC invocations=11 (full 0):
 PSYoungGen      total 58880K, used 3255K [0x00000000ebf00000, 0x00000000f2000000, 0x0000000100000000)
  eden space 46080K, 0% used [0x00000000ebf00000,0x00000000ebf00000,0x00000000eec00000)
  from space 12800K, 25% used [0x00000000eec00000,0x00000000eef2dd30,0x00000000ef880000)
  to   space 12800K, 0% used [0x00000000f1380000,0x00000000f1380000,0x00000000f2000000)
 ParOldGen       total 42496K, used 28589K [0x00000000c3c00000, 0x00000000c6580000, 0x00000000ebf00000)
  object space 42496K, 67% used [0x00000000c3c00000,0x00000000c57eb738,0x00000000c6580000)
 Metaspace       used 17801K, capacity 18026K, committed 18176K, reserved 1064960K
  class space    used 3215K, capacity 3273K, committed 3328K, reserved 1048576K
}
Event: 16.575 GC heap before
{Heap before GC invocations=12 (full 0):
 PSYoungGen      total 58880K, used 49335K [0x00000000ebf00000, 0x00000000f2000000, 0x0000000100000000)
  eden space 46080K, 100% used [0x00000000ebf00000,0x00000000eec00000,0x00000000eec00000)
  from space 12800K, 25% used [0x00000000eec00000,0x00000000eef2dd30,0x00000000ef880000)
  to   space 12800K, 0% used [0x00000000f1380000,0x00000000f1380000,0x00000000f2000000)
 ParOldGen       total 42496K, used 28589K [0x00000000c3c00000, 0x00000000c6580000, 0x00000000ebf00000)
  object space 42496K, 67% used [0x00000000c3c00000,0x00000000c57eb738,0x00000000c6580000)
 Metaspace       used 20683K, capacity 20938K, committed 21120K, reserved 1067008K
  class space    used 3818K, capacity 3881K, committed 3968K, reserved 1048576K
Event: 16.582 GC heap after
Heap after GC invocations=12 (full 0):
 PSYoungGen      total 85504K, used 4782K [0x00000000ebf00000, 0x00000000f1f00000, 0x0000000100000000)
  eden space 73728K, 0% used [0x00000000ebf00000,0x00000000ebf00000,0x00000000f0700000)
  from space 11776K, 40% used [0x00000000f1380000,0x00000000f182b800,0x00000000f1f00000)
  to   space 12288K, 0% used [0x00000000f0700000,0x00000000f0700000,0x00000000f1300000)
 ParOldGen       total 42496K, used 31141K [0x00000000c3c00000, 0x00000000c6580000, 0x00000000ebf00000)
  object space 42496K, 73% used [0x00000000c3c00000,0x00000000c5a69738,0x00000000c6580000)
 Metaspace       used 20683K, capacity 20938K, committed 21120K, reserved 1067008K
  class space    used 3818K, capacity 3881K, committed 3968K, reserved 1048576K
}
Event: 16.965 GC heap before
{Heap before GC invocations=13 (full 0):
 PSYoungGen      total 85504K, used 6048K [0x00000000ebf00000, 0x00000000f1f00000, 0x0000000100000000)
  eden space 73728K, 1% used [0x00000000ebf00000,0x00000000ec03cb90,0x00000000f0700000)
  from space 11776K, 40% used [0x00000000f1380000,0x00000000f182b800,0x00000000f1f00000)
  to   space 12288K, 0% used [0x00000000f0700000,0x00000000f0700000,0x00000000f1300000)
 ParOldGen       total 42496K, used 31141K [0x00000000c3c00000, 0x00000000c6580000, 0x00000000ebf00000)
  object space 42496K, 73% used [0x00000000c3c00000,0x00000000c5a69738,0x00000000c6580000)
 Metaspace       used 20885K, capacity 21098K, committed 21296K, reserved 1067008K
  class space    used 3859K, capacity 3913K, committed 3968K, reserved 1048576K
Event: 16.976 GC heap after
Heap after GC invocations=13 (full 0):
 PSYoungGen      total 86016K, used 427K [0x00000000ebf00000, 0x00000000f4b80000, 0x0000000100000000)
  eden space 73728K, 0% used [0x00000000ebf00000,0x00000000ebf00000,0x00000000f0700000)
  from space 12288K, 3% used [0x00000000f0700000,0x00000000f076af28,0x00000000f1300000)
  to   space 12800K, 0% used [0x00000000f3f00000,0x00000000f3f00000,0x00000000f4b80000)
 ParOldGen       total 42496K, used 32661K [0x00000000c3c00000, 0x00000000c6580000, 0x00000000ebf00000)
  object space 42496K, 76% used [0x00000000c3c00000,0x00000000c5be5748,0x00000000c6580000)
 Metaspace       used 20885K, capacity 21098K, committed 21296K, reserved 1067008K
  class space    used 3859K, capacity 3913K, committed 3968K, reserved 1048576K
}
Event: 16.976 GC heap before
{Heap before GC invocations=14 (full 1):
 PSYoungGen      total 86016K, used 427K [0x00000000ebf00000, 0x00000000f4b80000, 0x0000000100000000)
  eden space 73728K, 0% used [0x00000000ebf00000,0x00000000ebf00000,0x00000000f0700000)
  from space 12288K, 3% used [0x00000000f0700000,0x00000000f076af28,0x00000000f1300000)
  to   space 12800K, 0% used [0x00000000f3f00000,0x00000000f3f00000,0x00000000f4b80000)
 ParOldGen       total 42496K, used 32661K [0x00000000c3c00000, 0x00000000c6580000, 0x00000000ebf00000)
  object space 42496K, 76% used [0x00000000c3c00000,0x00000000c5be5748,0x00000000c6580000)
 Metaspace       used 20885K, capacity 21098K, committed 21296K, reserved 1067008K
  class space    used 3859K, capacity 3913K, committed 3968K, reserved 1048576K
Event: 17.194 GC heap after
Heap after GC invocations=14 (full 1):
 PSYoungGen      total 86016K, used 0K [0x00000000ebf00000, 0x00000000f4b80000, 0x0000000100000000)
  eden space 73728K, 0% used [0x00000000ebf00000,0x00000000ebf00000,0x00000000f0700000)
  from space 12288K, 0% used [0x00000000f0700000,0x00000000f0700000,0x00000000f1300000)
  to   space 12800K, 0% used [0x00000000f3f00000,0x00000000f3f00000,0x00000000f4b80000)
 ParOldGen       total 51200K, used 25030K [0x00000000c3c00000, 0x00000000c6e00000, 0x00000000ebf00000)
  object space 51200K, 48% used [0x00000000c3c00000,0x00000000c5471840,0x00000000c6e00000)
 Metaspace       used 20848K, capacity 21038K, committed 21296K, reserved 1067008K
  class space    used 3854K, capacity 3903K, committed 3968K, reserved 1048576K
}
Event: 22.145 GC heap before
{Heap before GC invocations=15 (full 1):
 PSYoungGen      total 86016K, used 73728K [0x00000000ebf00000, 0x00000000f4b80000, 0x0000000100000000)
  eden space 73728K, 100% used [0x00000000ebf00000,0x00000000f0700000,0x00000000f0700000)
  from space 12288K, 0% used [0x00000000f0700000,0x00000000f0700000,0x00000000f1300000)
  to   space 12800K, 0% used [0x00000000f3f00000,0x00000000f3f00000,0x00000000f4b80000)
 ParOldGen       total 51200K, used 25030K [0x00000000c3c00000, 0x00000000c6e00000, 0x00000000ebf00000)
  object space 51200K, 48% used [0x00000000c3c00000,0x00000000c5471840,0x00000000c6e00000)
 Metaspace       used 28550K, capacity 28702K, committed 29056K, reserved 1073152K
  class space    used 5370K, capacity 5407K, committed 5504K, reserved 1048576K
Event: 22.174 GC heap after
Heap after GC invocations=15 (full 1):
 PSYoungGen      total 115200K, used 9289K [0x00000000ebf00000, 0x00000000f4880000, 0x0000000100000000)
  eden space 105472K, 0% used [0x00000000ebf00000,0x00000000ebf00000,0x00000000f2600000)
  from space 9728K, 95% used [0x00000000f3f00000,0x00000000f4812650,0x00000000f4880000)
  to   space 13312K, 0% used [0x00000000f2e80000,0x00000000f2e80000,0x00000000f3b80000)
 ParOldGen       total 51200K, used 25038K [0x00000000c3c00000, 0x00000000c6e00000, 0x00000000ebf00000)
  object space 51200K, 48% used [0x00000000c3c00000,0x00000000c5473840,0x00000000c6e00000)
 Metaspace       used 28550K, capacity 28702K, committed 29056K, reserved 1073152K
  class space    used 5370K, capacity 5407K, committed 5504K, reserved 1048576K
}
Event: 28.443 GC heap before
{Heap before GC invocations=16 (full 1):
 PSYoungGen      total 115200K, used 114761K [0x00000000ebf00000, 0x00000000f4880000, 0x0000000100000000)
  eden space 105472K, 100% used [0x00000000ebf00000,0x00000000f2600000,0x00000000f2600000)
  from space 9728K, 95% used [0x00000000f3f00000,0x00000000f4812650,0x00000000f4880000)
  to   space 13312K, 0% used [0x00000000f2e80000,0x00000000f2e80000,0x00000000f3b80000)
 ParOldGen       total 51200K, used 25038K [0x00000000c3c00000, 0x00000000c6e00000, 0x00000000ebf00000)
  object space 51200K, 48% used [0x00000000c3c00000,0x00000000c5473840,0x00000000c6e00000)
 Metaspace       used 32957K, capacity 33118K, committed 33280K, reserved 1077248K
  class space    used 6331K, capacity 6367K, committed 6400K, reserved 1048576K

