# JRE version: OpenJDK Runtime Environment (8.0_76-b03) (build 1.8.0_76-release-b03)
# Java VM: OpenJDK 64-Bit Server VM (25.76-b03 mixed mode linux-amd64 compressed oops)
Heap:
 PSYoungGen      total 138240K, used 10382K [0x00000000ebf00000, 0x00000000f5a00000, 0x0000000100000000)
  eden space 120320K, 0% used [0x00000000ebf00000,0x00000000ebf00000,0x00000000f3480000)
  from space 17920K, 57% used [0x00000000f3480000,0x00000000f3ea3958,0x00000000f4600000)
  to   space 15360K, 0% used [0x00000000f4600000,0x00000000f4600000,0x00000000f5500000)
 ParOldGen       total 42496K, used 25818K [0x00000000c3c00000, 0x00000000c6580000, 0x00000000ebf00000)
  object space 42496K, 60% used [0x00000000c3c00000,0x00000000c5536968,0x00000000c6580000)
 Metaspace       used 20859K, capacity 21110K, committed 21296K, reserved 1067008K
  class space    used 3858K, capacity 3915K, committed 3968K, reserved 1048576K
GC Heap History (10 events):
Event: 13.190 GC heap after
Heap after GC invocations=4 (full 0):
 PSYoungGen      total 34304K, used 2554K [0x00000000ebf00000, 0x00000000ee300000, 0x0000000100000000)
  eden space 31744K, 0% used [0x00000000ebf00000,0x00000000ebf00000,0x00000000ede00000)
  from space 2560K, 99% used [0x00000000ee080000,0x00000000ee2fe990,0x00000000ee300000)
  to   space 2560K, 0% used [0x00000000ede00000,0x00000000ede00000,0x00000000ee080000)
 ParOldGen       total 42496K, used 6704K [0x00000000c3c00000, 0x00000000c6580000, 0x00000000ebf00000)
  object space 42496K, 15% used [0x00000000c3c00000,0x00000000c428c008,0x00000000c6580000)
 Metaspace       used 13630K, capacity 14301K, committed 14464K, reserved 1060864K
  class space    used 2606K, capacity 2640K, committed 2688K, reserved 1048576K
}
Event: 13.817 GC heap before
{Heap before GC invocations=5 (full 0):
 PSYoungGen      total 34304K, used 34298K [0x00000000ebf00000, 0x00000000ee300000, 0x0000000100000000)
  eden space 31744K, 100% used [0x00000000ebf00000,0x00000000ede00000,0x00000000ede00000)
  from space 2560K, 99% used [0x00000000ee080000,0x00000000ee2fe990,0x00000000ee300000)
  to   space 2560K, 0% used [0x00000000ede00000,0x00000000ede00000,0x00000000ee080000)
 ParOldGen       total 42496K, used 6704K [0x00000000c3c00000, 0x00000000c6580000, 0x00000000ebf00000)
  object space 42496K, 15% used [0x00000000c3c00000,0x00000000c428c008,0x00000000c6580000)
 Metaspace       used 14538K, capacity 14841K, committed 15104K, reserved 1060864K
  class space    used 2723K, capacity 2794K, committed 2816K, reserved 1048576K
Event: 13.826 GC heap after
Heap after GC invocations=5 (full 0):
 PSYoungGen      total 34304K, used 2540K [0x00000000ebf00000, 0x00000000f1000000, 0x0000000100000000)
  eden space 31744K, 0% used [0x00000000ebf00000,0x00000000ebf00000,0x00000000ede00000)
  from space 2560K, 99% used [0x00000000ede00000,0x00000000ee07b0f8,0x00000000ee080000)
  to   space 9728K, 0% used [0x00000000f0680000,0x00000000f0680000,0x00000000f1000000)
 ParOldGen       total 42496K, used 14027K [0x00000000c3c00000, 0x00000000c6580000, 0x00000000ebf00000)
  object space 42496K, 33% used [0x00000000c3c00000,0x00000000c49b2e40,0x00000000c6580000)
 Metaspace       used 14538K, capacity 14841K, committed 15104K, reserved 1060864K
  class space    used 2723K, capacity 2794K, committed 2816K, reserved 1048576K
}
Event: 15.571 GC heap before
{Heap before GC invocations=6 (full 0):
 PSYoungGen      total 34304K, used 34284K [0x00000000ebf00000, 0x00000000f1000000, 0x0000000100000000)
  eden space 31744K, 100% used [0x00000000ebf00000,0x00000000ede00000,0x00000000ede00000)
  from space 2560K, 99% used [0x00000000ede00000,0x00000000ee07b0f8,0x00000000ee080000)
  to   space 9728K, 0% used [0x00000000f0680000,0x00000000f0680000,0x00000000f1000000)
 ParOldGen       total 42496K, used 14027K [0x00000000c3c00000, 0x00000000c6580000, 0x00000000ebf00000)
  object space 42496K, 33% used [0x00000000c3c00000,0x00000000c49b2e40,0x00000000c6580000)
 Metaspace       used 15780K, capacity 16054K, committed 16384K, reserved 1062912K
  class space    used 2898K, capacity 2955K, committed 3072K, reserved 1048576K
Event: 15.587 GC heap after
Heap after GC invocations=6 (full 0):
 PSYoungGen      total 71168K, used 9697K [0x00000000ebf00000, 0x00000000f1400000, 0x0000000100000000)
  eden space 61440K, 0% used [0x00000000ebf00000,0x00000000ebf00000,0x00000000efb00000)
  from space 9728K, 99% used [0x00000000f0680000,0x00000000f0ff8780,0x00000000f1000000)
  to   space 11776K, 0% used [0x00000000efb00000,0x00000000efb00000,0x00000000f0680000)
 ParOldGen       total 42496K, used 14570K [0x00000000c3c00000, 0x00000000c6580000, 0x00000000ebf00000)
  object space 42496K, 34% used [0x00000000c3c00000,0x00000000c4a3a940,0x00000000c6580000)
 Metaspace       used 15780K, capacity 16054K, committed 16384K, reserved 1062912K
  class space    used 2898K, capacity 2955K, committed 3072K, reserved 1048576K
}
Event: 16.834 GC heap before
{Heap before GC invocations=7 (full 0):
 PSYoungGen      total 71168K, used 71137K [0x00000000ebf00000, 0x00000000f1400000, 0x0000000100000000)
  eden space 61440K, 100% used [0x00000000ebf00000,0x00000000efb00000,0x00000000efb00000)
  from space 9728K, 99% used [0x00000000f0680000,0x00000000f0ff8780,0x00000000f1000000)
  to   space 11776K, 0% used [0x00000000efb00000,0x00000000efb00000,0x00000000f0680000)
 ParOldGen       total 42496K, used 14570K [0x00000000c3c00000, 0x00000000c6580000, 0x00000000ebf00000)
  object space 42496K, 34% used [0x00000000c3c00000,0x00000000c4a3a940,0x00000000c6580000)
 Metaspace       used 17098K, capacity 17398K, committed 17536K, reserved 1062912K
  class space    used 3089K, capacity 3147K, committed 3200K, reserved 1048576K
Event: 16.854 GC heap after
Heap after GC invocations=7 (full 0):
 PSYoungGen      total 73216K, used 11745K [0x00000000ebf00000, 0x00000000f5500000, 0x0000000100000000)
  eden space 61440K, 0% used [0x00000000ebf00000,0x00000000ebf00000,0x00000000efb00000)
  from space 11776K, 99% used [0x00000000efb00000,0x00000000f0678760,0x00000000f0680000)
  to   space 15360K, 0% used [0x00000000f4600000,0x00000000f4600000,0x00000000f5500000)
 ParOldGen       total 42496K, used 18181K [0x00000000c3c00000, 0x00000000c6580000, 0x00000000ebf00000)
  object space 42496K, 42% used [0x00000000c3c00000,0x00000000c4dc1718,0x00000000c6580000)
 Metaspace       used 17098K, capacity 17398K, committed 17536K, reserved 1062912K
  class space    used 3089K, capacity 3147K, committed 3200K, reserved 1048576K
}
Event: 19.442 GC heap before
{Heap before GC invocations=8 (full 0):
 PSYoungGen      total 73216K, used 73185K [0x00000000ebf00000, 0x00000000f5500000, 0x0000000100000000)
  eden space 61440K, 100% used [0x00000000ebf00000,0x00000000efb00000,0x00000000efb00000)
  from space 11776K, 99% used [0x00000000efb00000,0x00000000f0678760,0x00000000f0680000)
  to   space 15360K, 0% used [0x00000000f4600000,0x00000000f4600000,0x00000000f5500000)
 ParOldGen       total 42496K, used 18181K [0x00000000c3c00000, 0x00000000c6580000, 0x00000000ebf00000)
  object space 42496K, 42% used [0x00000000c3c00000,0x00000000c4dc1718,0x00000000c6580000)
 Metaspace       used 18585K, capacity 18838K, committed 19072K, reserved 1064960K
  class space    used 3376K, capacity 3435K, committed 3456K, reserved 1048576K
Event: 19.461 GC heap after
Heap after GC invocations=8 (full 0):
 PSYoungGen      total 135680K, used 15187K [0x00000000ebf00000, 0x00000000f5a00000, 0x0000000100000000)
  eden space 120320K, 0% used [0x00000000ebf00000,0x00000000ebf00000,0x00000000f3480000)
  from space 15360K, 98% used [0x00000000f4600000,0x00000000f54d4ef0,0x00000000f5500000)
  to   space 17920K, 0% used [0x00000000f3480000,0x00000000f3480000,0x00000000f4600000)
 ParOldGen       total 42496K, used 19157K [0x00000000c3c00000, 0x00000000c6580000, 0x00000000ebf00000)
  object space 42496K, 45% used [0x00000000c3c00000,0x00000000c4eb5738,0x00000000c6580000)
 Metaspace       used 18585K, capacity 18838K, committed 19072K, reserved 1064960K
  class space    used 3376K, capacity 3435K, committed 3456K, reserved 1048576K
}
Event: 22.548 GC heap before
{Heap before GC invocations=9 (full 0):
 PSYoungGen      total 135680K, used 41632K [0x00000000ebf00000, 0x00000000f5a00000, 0x0000000100000000)
  eden space 120320K, 21% used [0x00000000ebf00000,0x00000000ed8d31a8,0x00000000f3480000)
  from space 15360K, 98% used [0x00000000f4600000,0x00000000f54d4ef0,0x00000000f5500000)
  to   space 17920K, 0% used [0x00000000f3480000,0x00000000f3480000,0x00000000f4600000)
 ParOldGen       total 42496K, used 19157K [0x00000000c3c00000, 0x00000000c6580000, 0x00000000ebf00000)
  object space 42496K, 45% used [0x00000000c3c00000,0x00000000c4eb5738,0x00000000c6580000)
 Metaspace       used 20859K, capacity 21110K, committed 21296K, reserved 1067008K
  class space    used 3858K, capacity 3915K, committed 3968K, reserved 1048576K

